[handleMsg]:  {
  key: {
    remoteJid: '5218442856149@s.whatsapp.net',
    fromMe: false,
    id: 'B83745E997FA9A804FE0296DCFF9F206',
    participant: undefined
  },
  messageTimestamp: 1698065564,
  pushName: 'Soporte Técnico ICT',
  broadcast: false,
  message: Message {
    conversation: 'Hola',
    messageContextInfo: MessageContextInfo {
      deviceListMetadata: [DeviceListMetadata],
      deviceListMetadataVersion: 2
    }
  },
  body: 'Hola',
  from: '5218442856149'
}
[QUEUE_SE_ENVIO]:  {
  ref: 'ans_7ea90686-7d5e-4ad7-8ee8-7cadd17574c5',
  keyword: 'key_056d79be-13d3-4a3a-8a61-a87f4dd17898',
  answer: "Bienvenido a mi e-commerce, escribe 'VER' para consultar items ",
  options: {
    media: null,
    buttons: [],
    capture: false,
    child: null,
    delay: 0,
    idle: null,
    nested: [ [Object], [Object] ],
    keyword: {},
    callback: false
  },
  refSerialize: 'ac7e3bdc2955730f6213c34334b9cbee'
}
[handleMsg]:  {
  key: {
    remoteJid: '5218442856149@s.whatsapp.net',
    fromMe: false,
    id: '137422C5ACE4CA5BBDAFF02BC3122A72',
    participant: undefined
  },
  messageTimestamp: 1698065567,
  pushName: 'Soporte Técnico ICT',
  broadcast: false,
  message: Message {
    conversation: 'Ver',
    messageContextInfo: MessageContextInfo {
      deviceListMetadata: [DeviceListMetadata],
      deviceListMetadataVersion: 2
    }
  },
  body: 'Ver',
  from: '5218442856149'
}
[QUEUE_SE_ENVIO]:  {
  ref: 'ans_4bbae62f-867b-44e9-98b2-8f486f11c807',
  keyword: 'key_e31b2266-2729-4e69-bcf5-bc485964446f',
  answer: 'Consultando base de datos... por favor espere un momento',
  options: {
    media: null,
    buttons: [],
    capture: false,
    child: null,
    delay: 0,
    idle: null,
    nested: [],
    keyword: {},
    callback: true
  },
  refSerialize: '0cb8ce0dbe77d520cce6b847314e9e0c'
}
